<?xml version="1.0" encoding="UTF-8"?>
<coverage generated="1694636155035" clover="3.2.0">
  <project timestamp="1694636155035" name="All files">
    <metrics statements="6" coveredstatements="4" conditionals="4" coveredconditionals="2" methods="1" coveredmethods="1" elements="11" coveredelements="7" complexity="0" loc="6" ncloc="6" packages="1" files="1" classes="1"/>
    <file name="index.js" path="C:\Users\Camilo\Desktop\Uni\FullStack\Lessons\01. Hello World. Data Types. Base Syntax\Homework\Task 1. IsThreePower\index.js">
      <metrics statements="6" coveredstatements="4" conditionals="4" coveredconditionals="2" methods="1" coveredmethods="1"/>
      <line num="1" count="1" type="stmt"/>
      <line num="3" count="3" type="cond" truecount="2" falsecount="0"/>
      <line num="4" count="1" type="stmt"/>
      <line num="5" count="2" type="cond" truecount="0" falsecount="2"/>
      <line num="6" count="0" type="stmt"/>
      <line num="8" count="0" type="stmt"/>
    </file>
  </project>
</coverage>
